<?xml version="1.0" encoding="utf-8"?><testsuites><testsuite name="pytest" errors="0" failures="3" skipped="0" tests="45" time="3971.189" timestamp="2025-08-11T13:42:55.156311" hostname="mac.lan"><testcase classname="tests.e2e.test_ai_routing.TestAIRouting" name="test_task_query_routes_to_reclaim" time="53.085" /><testcase classname="tests.e2e.test_ai_routing.TestAIRouting" name="test_event_query_routes_to_nylas" time="78.070" /><testcase classname="tests.e2e.test_approval_flow_e2e.TestApprovalFlowE2E" name="test_task_delete_no_approval_flow" time="21.094" /><testcase classname="tests.e2e.test_approval_flow_e2e.TestApprovalFlowE2E" name="test_event_with_participants_approval_flow" time="54.831" /><testcase classname="tests.e2e.test_approval_flow_e2e.TestApprovalFlowE2E" name="test_event_cancel_solo_no_approval_flow" time="82.422" /><testcase classname="tests.e2e.test_approval_flow_e2e.TestApprovalFlowE2E" name="test_bulk_operation_approval_flow" time="41.306" /><testcase classname="tests.e2e.test_check_availability_e2e.TestCheckAvailabilityE2E" name="test_check_specific_time_available" time="52.893" /><testcase classname="tests.e2e.test_check_availability_e2e.TestCheckAvailabilityE2E" name="test_check_specific_time_busy" time="76.215" /><testcase classname="tests.e2e.test_check_availability_e2e.TestCheckAvailabilityE2E" name="test_find_time_slots" time="59.694" /><testcase classname="tests.e2e.test_check_availability_e2e.TestCheckAvailabilityE2E" name="test_check_various_durations" time="79.739" /><testcase classname="tests.e2e.test_check_availability_e2e.TestCheckAvailabilityE2E" name="test_natural_language_time_expressions" time="111.408" /><testcase classname="tests.e2e.test_check_availability_e2e.TestCheckAvailabilityE2E" name="test_working_hours_consideration" time="52.845"><failure message="Failed: AI Grading Failed:&#10;The expected behavior requires that when checking availability at 10pm (outside typical working hours), the system should either: (a) show availability with a note acknowledging it's outside working hours, or (b) explicitly indicate that it's outside working hours. The actual response marks the user as available with no conflicts and provides time details, but it does not include any note or indication regarding working hours. Since it neither acknowledges the outside-working-hours context nor flags it, it does not fulfill the expected behavior. Approval flow and routing considerations are not applicable here.">tests/e2e/test_check_availability_e2e.py:189: in test_working_hours_consideration
    assert_response_fulfills_expectation(
tests/e2e/utils/test_helpers.py:41: in assert_response_fulfills_expectation
    pytest.fail(f"AI Grading Failed:\n{result.reasoning}")
E   Failed: AI Grading Failed:
E   The expected behavior requires that when checking availability at 10pm (outside typical working hours), the system should either: (a) show availability with a note acknowledging it's outside working hours, or (b) explicitly indicate that it's outside working hours. The actual response marks the user as available with no conflicts and provides time details, but it does not include any note or indication regarding working hours. Since it neither acknowledges the outside-working-hours context nor flags it, it does not fulfill the expected behavior. Approval flow and routing considerations are not applicable here.</failure></testcase><testcase classname="tests.e2e.test_conflict_resolution_e2e.TestConflictResolutionE2E" name="test_event_conflict_detection" time="73.617" /><testcase classname="tests.e2e.test_conflict_resolution_e2e.TestConflictResolutionE2E" name="test_conflict_approval_flow" time="50.463" /><testcase classname="tests.e2e.test_conflict_resolution_e2e.TestConflictResolutionE2E" name="test_buffer_time_conflict" time="22.072"><failure message="Failed: AI Grading Failed:&#10;The expected behavior is to create the first event successfully. The actual response did not create the event; instead, it detected a scheduling conflict for the requested 1:00–2:00 PM slot and proposed a rescheduled time (1:30–2:30 PM) with needs_approval=true and action_type=event_create_conflict_reschedule. While conflict detection with a suggested alternative is valid for conflict-handling scenarios, it does not meet this test’s requirement to create the first event successfully. Additionally, the action_data.event_details reflects the rescheduled time (1:30–2:30 PM), not the originally requested time, reinforcing that the original event was not created. Therefore, it fails to fulfill the expected behavior.">tests/e2e/test_conflict_resolution_e2e.py:236: in test_buffer_time_conflict
    assert_response_fulfills_expectation(
tests/e2e/utils/test_helpers.py:41: in assert_response_fulfills_expectation
    pytest.fail(f"AI Grading Failed:\n{result.reasoning}")
E   Failed: AI Grading Failed:
E   The expected behavior is to create the first event successfully. The actual response did not create the event; instead, it detected a scheduling conflict for the requested 1:00–2:00 PM slot and proposed a rescheduled time (1:30–2:30 PM) with needs_approval=true and action_type=event_create_conflict_reschedule. While conflict detection with a suggested alternative is valid for conflict-handling scenarios, it does not meet this test’s requirement to create the first event successfully. Additionally, the action_data.event_details reflects the rescheduled time (1:30–2:30 PM), not the originally requested time, reinforcing that the original event was not created. Therefore, it fails to fulfill the expected behavior.</failure></testcase><testcase classname="tests.e2e.test_conflict_resolution_e2e.TestConflictResolutionE2E" name="test_working_hours_scheduling" time="73.858" /><testcase classname="tests.e2e.test_conflict_resolution_e2e.TestConflictResolutionE2E" name="test_no_available_slot" time="38.930" /><testcase classname="tests.e2e.test_debug_ai_classification.TestDebugAIClassification" name="test_task_classification" time="44.733" /><testcase classname="tests.e2e.test_debug_ai_classification.TestDebugAIClassification" name="test_event_classification" time="58.972" /><testcase classname="tests.e2e.test_duplicate_detection_e2e.TestDuplicateDetectionE2E" name="test_duplicate_event_detection" time="89.668" /><testcase classname="tests.e2e.test_duplicate_detection_e2e.TestDuplicateDetectionE2E" name="test_duplicate_event_approval_flow" time="107.257" /><testcase classname="tests.e2e.test_duplicate_detection_e2e.TestDuplicateDetectionE2E" name="test_duplicate_task_detection" time="16.616" /><testcase classname="tests.e2e.test_duplicate_detection_e2e.TestDuplicateDetectionE2E" name="test_fuzzy_title_matching" time="72.997" /><testcase classname="tests.e2e.test_find_and_analyze_e2e.TestFindAndAnalyzeE2E" name="test_search_todays_items" time="51.375"><failure message="Failed: AI Grading Failed:&#10;The expected behavior is to search for today's items across both tasks and events and return both types, explicitly including at least the financial report task. The actual response successfully returns an event that represents the financial report (likely a task event created by Reclaim), but the tasks array is empty. Since the scope was &quot;both,&quot; the system should have returned tasks as well, not just events. Even though the financial report appears as an event, the requirement to return both tasks and events is not met. Therefore, the response does not fully satisfy the expected behavior.">tests/e2e/test_find_and_analyze_e2e.py:82: in test_search_todays_items
    assert_response_fulfills_expectation(
tests/e2e/utils/test_helpers.py:41: in assert_response_fulfills_expectation
    pytest.fail(f"AI Grading Failed:\n{result.reasoning}")
E   Failed: AI Grading Failed:
E   The expected behavior is to search for today's items across both tasks and events and return both types, explicitly including at least the financial report task. The actual response successfully returns an event that represents the financial report (likely a task event created by Reclaim), but the tasks array is empty. Since the scope was "both," the system should have returned tasks as well, not just events. Even though the financial report appears as an event, the requirement to return both tasks and events is not met. Therefore, the response does not fully satisfy the expected behavior.</failure></testcase><testcase classname="tests.e2e.test_find_and_analyze_e2e.TestFindAndAnalyzeE2E" name="test_search_by_keyword" time="57.875" /><testcase classname="tests.e2e.test_find_and_analyze_e2e.TestFindAndAnalyzeE2E" name="test_search_overdue_tasks" time="68.525" /><testcase classname="tests.e2e.test_find_and_analyze_e2e.TestFindAndAnalyzeE2E" name="test_workload_analysis" time="39.074" /><testcase classname="tests.e2e.test_find_and_analyze_e2e.TestFindAndAnalyzeE2E" name="test_time_range_searches" time="75.906" /><testcase classname="tests.e2e.test_find_and_analyze_e2e.TestFindAndAnalyzeE2E" name="test_empty_search_results" time="53.999" /><testcase classname="tests.e2e.test_hybrid_workflows_e2e.TestHybridWorkflowsE2E" name="test_check_availability_then_schedule" time="83.677" /><testcase classname="tests.e2e.test_hybrid_workflows_e2e.TestHybridWorkflowsE2E" name="test_find_tasks_and_complete" time="34.960" /><testcase classname="tests.e2e.test_hybrid_workflows_e2e.TestHybridWorkflowsE2E" name="test_analyze_workload_then_optimize" time="37.052" /><testcase classname="tests.e2e.test_hybrid_workflows_e2e.TestHybridWorkflowsE2E" name="test_task_to_calendar_event_conversion" time="48.830" /><testcase classname="tests.e2e.test_hybrid_workflows_e2e.TestHybridWorkflowsE2E" name="test_full_productivity_workflow" time="18.959" /><testcase classname="tests.e2e.test_manage_productivity_e2e.TestManageProductivityE2E" name="test_create_reclaim_task" time="13.870" /><testcase classname="tests.e2e.test_manage_productivity_e2e.TestManageProductivityE2E" name="test_create_nylas_event" time="48.229" /><testcase classname="tests.e2e.test_manage_productivity_e2e.TestManageProductivityE2E" name="test_update_task_complete" time="19.394" /><testcase classname="tests.e2e.test_manage_productivity_e2e.TestManageProductivityE2E" name="test_reschedule_event" time="718.811" /><testcase classname="tests.e2e.test_manage_productivity_e2e.TestManageProductivityE2E" name="test_natural_language_variations" time="136.397" /><testcase classname="tests.e2e.test_optimize_schedule_e2e.TestOptimizeScheduleE2E" name="test_optimize_for_focus_time" time="139.981" /><testcase classname="tests.e2e.test_optimize_schedule_e2e.TestOptimizeScheduleE2E" name="test_balance_workload_optimization" time="230.199" /><testcase classname="tests.e2e.test_optimize_schedule_e2e.TestOptimizeScheduleE2E" name="test_meeting_reduction_optimization" time="174.488" /><testcase classname="tests.e2e.test_optimize_schedule_e2e.TestOptimizeScheduleE2E" name="test_priority_based_optimization" time="155.142" /><testcase classname="tests.e2e.test_optimize_schedule_e2e.TestOptimizeScheduleE2E" name="test_energy_based_optimization" time="184.414" /><testcase classname="tests.e2e.test_optimize_schedule_e2e.TestOptimizeScheduleE2E" name="test_natural_language_optimization_requests" time="167.119" /></testsuite></testsuites>